<?xml version="1.0" encoding="UTF-8"?>
<!-- Generated by org.testng.reporters.JUnitXMLReporter -->
<testsuite ignored="0" hostname="LTIN194652" failures="0" tests="3" name="Test" time="152.843" errors="0" timestamp="2024-02-28T16:56:30 IST">
  <testcase classname="Testcases.Testcase" name="webdevelopmentcourse" time="41.149"/>
  <testcase classname="Testcases.Testcase" name="languagelearning" time="54.796"/>
  <testcase classname="Testcases.Testcase" name="form" time="22.61"/>
</testsuite> <!-- Test -->
